<?xml version="1.0" encoding="UTF-8"?>
<testng-results ignored="0" total="2" passed="2" failed="0" skipped="0">
  <reporter-output>
  </reporter-output>
  <suite started-at="2025-01-22T13:52:55 IST" name="Suite" finished-at="2025-01-22T13:53:08 IST" duration-ms="12944">
    <groups>
      <group name="Master">
        <method signature="TC001_AccountRegistrationTest.Verify_Account_SignIn()[pri:0, instance:testCases.TC001_AccountRegistrationTest@4426bff1]" name="Verify_Account_SignIn" class="testCases.TC001_AccountRegistrationTest"/>
        <method signature="TC002_AccountLoginTest.verify_Login()[pri:0, instance:testCases.TC002_AccountLoginTest@2f16c6b3]" name="verify_Login" class="testCases.TC002_AccountLoginTest"/>
      </group> <!-- Master -->
      <group name="Sanity">
        <method signature="TC001_AccountRegistrationTest.Verify_Account_SignIn()[pri:0, instance:testCases.TC001_AccountRegistrationTest@4426bff1]" name="Verify_Account_SignIn" class="testCases.TC001_AccountRegistrationTest"/>
      </group> <!-- Sanity -->
      <group name="Regression">
        <method signature="TC002_AccountLoginTest.verify_Login()[pri:0, instance:testCases.TC002_AccountLoginTest@2f16c6b3]" name="verify_Login" class="testCases.TC002_AccountLoginTest"/>
      </group> <!-- Regression -->
    </groups>
    <test started-at="2025-01-22T13:52:55 IST" name="chrometest" finished-at="2025-01-22T13:53:08 IST" duration-ms="12944">
      <class name="testCases.TC001_AccountRegistrationTest">
        <test-method is-config="true" signature="setup(java.lang.String,java.lang.String)[pri:0, instance:testCases.TC001_AccountRegistrationTest@4426bff1]" started-at="2025-01-22T13:52:55 IST" name="setup" finished-at="2025-01-22T13:52:58 IST" duration-ms="3063" status="PASS">
          <params>
            <param index="0">
              <value>
                <![CDATA[windows]]>
              </value>
            </param>
            <param index="1">
              <value>
                <![CDATA[chrome]]>
              </value>
            </param>
          </params>
          <reporter-output>
          </reporter-output>
        </test-method> <!-- setup -->
        <test-method signature="Verify_Account_SignIn()[pri:0, instance:testCases.TC001_AccountRegistrationTest@4426bff1]" started-at="2025-01-22T13:52:58 IST" name="Verify_Account_SignIn" finished-at="2025-01-22T13:53:02 IST" duration-ms="3573" status="PASS">
          <reporter-output>
          </reporter-output>
        </test-method> <!-- Verify_Account_SignIn -->
        <test-method is-config="true" signature="tearDown()[pri:0, instance:testCases.TC001_AccountRegistrationTest@4426bff1]" started-at="2025-01-22T13:53:02 IST" name="tearDown" finished-at="2025-01-22T13:53:02 IST" duration-ms="432" status="PASS">
          <reporter-output>
          </reporter-output>
        </test-method> <!-- tearDown -->
      </class> <!-- testCases.TC001_AccountRegistrationTest -->
      <class name="testCases.TC002_AccountLoginTest">
        <test-method is-config="true" signature="setup(java.lang.String,java.lang.String)[pri:0, instance:testCases.TC002_AccountLoginTest@2f16c6b3]" started-at="2025-01-22T13:53:02 IST" name="setup" finished-at="2025-01-22T13:53:05 IST" duration-ms="2996" status="PASS">
          <params>
            <param index="0">
              <value>
                <![CDATA[windows]]>
              </value>
            </param>
            <param index="1">
              <value>
                <![CDATA[chrome]]>
              </value>
            </param>
          </params>
          <reporter-output>
          </reporter-output>
        </test-method> <!-- setup -->
        <test-method signature="verify_Login()[pri:0, instance:testCases.TC002_AccountLoginTest@2f16c6b3]" started-at="2025-01-22T13:53:05 IST" name="verify_Login" finished-at="2025-01-22T13:53:07 IST" duration-ms="2170" status="PASS">
          <reporter-output>
          </reporter-output>
        </test-method> <!-- verify_Login -->
        <test-method is-config="true" signature="tearDown()[pri:0, instance:testCases.TC002_AccountLoginTest@2f16c6b3]" started-at="2025-01-22T13:53:07 IST" name="tearDown" finished-at="2025-01-22T13:53:08 IST" duration-ms="398" status="PASS">
          <reporter-output>
          </reporter-output>
        </test-method> <!-- tearDown -->
      </class> <!-- testCases.TC002_AccountLoginTest -->
    </test> <!-- chrometest -->
  </suite> <!-- Suite -->
</testng-results>
