<?xml version="1.0" encoding="UTF-8"?>
<testng-results ignored="0" total="4" passed="4" failed="0" skipped="0">
  <reporter-output>
  </reporter-output>
  <suite started-at="2025-01-21T23:13:08 IST" name="Suite" finished-at="2025-01-21T23:13:52 IST" duration-ms="44834">
    <groups>
      <group name="Master">
        <method signature="TC001_AccountRegistrationTest.Verify_Account_SignIn()[pri:0, instance:testCases.TC001_AccountRegistrationTest@3e694b3f]" name="Verify_Account_SignIn" class="testCases.TC001_AccountRegistrationTest"/>
        <method signature="TC002_AccountLoginTest.verify_Login()[pri:0, instance:testCases.TC002_AccountLoginTest@5fe94a96]" name="verify_Login" class="testCases.TC002_AccountLoginTest"/>
        <method signature="TC001_AccountRegistrationTest.Verify_Account_SignIn()[pri:0, instance:testCases.TC001_AccountRegistrationTest@5aa9e4eb]" name="Verify_Account_SignIn" class="testCases.TC001_AccountRegistrationTest"/>
        <method signature="TC002_AccountLoginTest.verify_Login()[pri:0, instance:testCases.TC002_AccountLoginTest@6989da5e]" name="verify_Login" class="testCases.TC002_AccountLoginTest"/>
      </group> <!-- Master -->
      <group name="Sanity">
        <method signature="TC001_AccountRegistrationTest.Verify_Account_SignIn()[pri:0, instance:testCases.TC001_AccountRegistrationTest@3e694b3f]" name="Verify_Account_SignIn" class="testCases.TC001_AccountRegistrationTest"/>
        <method signature="TC001_AccountRegistrationTest.Verify_Account_SignIn()[pri:0, instance:testCases.TC001_AccountRegistrationTest@5aa9e4eb]" name="Verify_Account_SignIn" class="testCases.TC001_AccountRegistrationTest"/>
      </group> <!-- Sanity -->
      <group name="Regression">
        <method signature="TC002_AccountLoginTest.verify_Login()[pri:0, instance:testCases.TC002_AccountLoginTest@5fe94a96]" name="verify_Login" class="testCases.TC002_AccountLoginTest"/>
        <method signature="TC002_AccountLoginTest.verify_Login()[pri:0, instance:testCases.TC002_AccountLoginTest@6989da5e]" name="verify_Login" class="testCases.TC002_AccountLoginTest"/>
      </group> <!-- Regression -->
    </groups>
    <test started-at="2025-01-21T23:13:08 IST" name="chrometest" finished-at="2025-01-21T23:13:28 IST" duration-ms="20240">
      <class name="testCases.TC001_AccountRegistrationTest">
        <test-method is-config="true" signature="setup(java.lang.String,java.lang.String)[pri:0, instance:testCases.TC001_AccountRegistrationTest@3e694b3f]" started-at="2025-01-21T23:13:08 IST" name="setup" finished-at="2025-01-21T23:13:18 IST" duration-ms="9603" status="PASS">
          <params>
            <param index="0">
              <value>
                <![CDATA[Linux]]>
              </value>
            </param>
            <param index="1">
              <value>
                <![CDATA[chrome]]>
              </value>
            </param>
          </params>
          <reporter-output>
          </reporter-output>
        </test-method> <!-- setup -->
        <test-method signature="Verify_Account_SignIn()[pri:0, instance:testCases.TC001_AccountRegistrationTest@3e694b3f]" started-at="2025-01-21T23:13:18 IST" name="Verify_Account_SignIn" finished-at="2025-01-21T23:13:22 IST" duration-ms="3511" status="PASS">
          <reporter-output>
          </reporter-output>
        </test-method> <!-- Verify_Account_SignIn -->
        <test-method is-config="true" signature="tearDown()[pri:0, instance:testCases.TC001_AccountRegistrationTest@3e694b3f]" started-at="2025-01-21T23:13:22 IST" name="tearDown" finished-at="2025-01-21T23:13:22 IST" duration-ms="328" status="PASS">
          <reporter-output>
          </reporter-output>
        </test-method> <!-- tearDown -->
      </class> <!-- testCases.TC001_AccountRegistrationTest -->
      <class name="testCases.TC002_AccountLoginTest">
        <test-method is-config="true" signature="setup(java.lang.String,java.lang.String)[pri:0, instance:testCases.TC002_AccountLoginTest@5fe94a96]" started-at="2025-01-21T23:13:22 IST" name="setup" finished-at="2025-01-21T23:13:25 IST" duration-ms="3432" status="PASS">
          <params>
            <param index="0">
              <value>
                <![CDATA[Linux]]>
              </value>
            </param>
            <param index="1">
              <value>
                <![CDATA[chrome]]>
              </value>
            </param>
          </params>
          <reporter-output>
          </reporter-output>
        </test-method> <!-- setup -->
        <test-method signature="verify_Login()[pri:0, instance:testCases.TC002_AccountLoginTest@5fe94a96]" started-at="2025-01-21T23:13:25 IST" name="verify_Login" finished-at="2025-01-21T23:13:27 IST" duration-ms="2012" status="PASS">
          <reporter-output>
          </reporter-output>
        </test-method> <!-- verify_Login -->
        <test-method is-config="true" signature="tearDown()[pri:0, instance:testCases.TC002_AccountLoginTest@5fe94a96]" started-at="2025-01-21T23:13:27 IST" name="tearDown" finished-at="2025-01-21T23:13:28 IST" duration-ms="380" status="PASS">
          <reporter-output>
          </reporter-output>
        </test-method> <!-- tearDown -->
      </class> <!-- testCases.TC002_AccountLoginTest -->
    </test> <!-- chrometest -->
    <test started-at="2025-01-21T23:13:30 IST" name="Firefoxtest" finished-at="2025-01-21T23:13:52 IST" duration-ms="22076">
      <class name="testCases.TC001_AccountRegistrationTest">
        <test-method is-config="true" signature="setup(java.lang.String,java.lang.String)[pri:0, instance:testCases.TC001_AccountRegistrationTest@5aa9e4eb]" started-at="2025-01-21T23:13:30 IST" name="setup" finished-at="2025-01-21T23:13:39 IST" duration-ms="8860" status="PASS">
          <params>
            <param index="0">
              <value>
                <![CDATA[Linux]]>
              </value>
            </param>
            <param index="1">
              <value>
                <![CDATA[firefox]]>
              </value>
            </param>
          </params>
          <reporter-output>
          </reporter-output>
        </test-method> <!-- setup -->
        <test-method signature="Verify_Account_SignIn()[pri:0, instance:testCases.TC001_AccountRegistrationTest@5aa9e4eb]" started-at="2025-01-21T23:13:39 IST" name="Verify_Account_SignIn" finished-at="2025-01-21T23:13:42 IST" duration-ms="2314" status="PASS">
          <reporter-output>
          </reporter-output>
        </test-method> <!-- Verify_Account_SignIn -->
        <test-method is-config="true" signature="tearDown()[pri:0, instance:testCases.TC001_AccountRegistrationTest@5aa9e4eb]" started-at="2025-01-21T23:13:42 IST" name="tearDown" finished-at="2025-01-21T23:13:43 IST" duration-ms="1434" status="PASS">
          <reporter-output>
          </reporter-output>
        </test-method> <!-- tearDown -->
      </class> <!-- testCases.TC001_AccountRegistrationTest -->
      <class name="testCases.TC002_AccountLoginTest">
        <test-method is-config="true" signature="setup(java.lang.String,java.lang.String)[pri:0, instance:testCases.TC002_AccountLoginTest@6989da5e]" started-at="2025-01-21T23:13:43 IST" name="setup" finished-at="2025-01-21T23:13:49 IST" duration-ms="6380" status="PASS">
          <params>
            <param index="0">
              <value>
                <![CDATA[Linux]]>
              </value>
            </param>
            <param index="1">
              <value>
                <![CDATA[firefox]]>
              </value>
            </param>
          </params>
          <reporter-output>
          </reporter-output>
        </test-method> <!-- setup -->
        <test-method signature="verify_Login()[pri:0, instance:testCases.TC002_AccountLoginTest@6989da5e]" started-at="2025-01-21T23:13:49 IST" name="verify_Login" finished-at="2025-01-21T23:13:51 IST" duration-ms="1680" status="PASS">
          <reporter-output>
          </reporter-output>
        </test-method> <!-- verify_Login -->
        <test-method is-config="true" signature="tearDown()[pri:0, instance:testCases.TC002_AccountLoginTest@6989da5e]" started-at="2025-01-21T23:13:51 IST" name="tearDown" finished-at="2025-01-21T23:13:52 IST" duration-ms="1397" status="PASS">
          <reporter-output>
          </reporter-output>
        </test-method> <!-- tearDown -->
      </class> <!-- testCases.TC002_AccountLoginTest -->
    </test> <!-- Firefoxtest -->
  </suite> <!-- Suite -->
</testng-results>
